Using pre-set license
Built from '2020.3/staging' branch; Version is '2020.3.16f1 (049d6eca3c44) revision 302446'; Using compiler version '192528614'; Build Type 'Release'
OS: 'Windows 10 Home; OS build 19042.1237; Version 2009; 64bit' Language: 'en' Physical Memory: 16249 MB
BatchMode: 1, IsHumanControllingUs: 0, StartBugReporterOnCrash: 0, Is64bit: 1, IsPro: 0

 COMMAND LINE ARGUMENTS:
C:\Program Files\Unity Installations\2020.3.16f1\Editor\Unity.exe
-adb2
-batchMode
-noUpm
-name
AssetImportWorker1
-projectPath
C:/Users/19728/Unity Projects/ATCM4368-P01
-logFile
Logs/AssetImportWorker1.log
-srvPort
62436
Successfully changed project path to: C:/Users/19728/Unity Projects/ATCM4368-P01
C:/Users/19728/Unity Projects/ATCM4368-P01
Using Asset Import Pipeline V2.
Refreshing native plugins compatible for Editor in 39.54 ms, found 2 plugins.
Preloading 0 native plugins for Editor in 0.00 ms.
Initialize engine version: 2020.3.16f1 (049d6eca3c44)
[Subsystems] Discovering subsystems at path C:/Program Files/Unity Installations/2020.3.16f1/Editor/Data/Resources/UnitySubsystems
[Subsystems] Discovering subsystems at path C:/Users/19728/Unity Projects/ATCM4368-P01/Assets
GfxDevice: creating device client; threaded=0
Direct3D:
    Version:  Direct3D 11.0 [level 11.1]
    Renderer: NVIDIA GeForce GTX 1060 with Max-Q Design (ID=0x1c20)
    Vendor:   
    VRAM:     6052 MB
    Driver:   27.21.14.5206
Initialize mono
Mono path[0] = 'C:/Program Files/Unity Installations/2020.3.16f1/Editor/Data/Managed'
Mono path[1] = 'C:/Program Files/Unity Installations/2020.3.16f1/Editor/Data/MonoBleedingEdge/lib/mono/unityjit'
Mono config path = 'C:/Program Files/Unity Installations/2020.3.16f1/Editor/Data/MonoBleedingEdge/etc'
Using monoOptions --debugger-agent=transport=dt_socket,embedding=1,server=y,suspend=n,address=127.0.0.1:56300
Begin MonoManager ReloadAssembly
Registering precompiled unity dll's ...
Register platform support module: C:/Program Files/Unity Installations/2020.3.16f1/Editor/Data/PlaybackEngines/WindowsStandaloneSupport/UnityEditor.WindowsStandalone.Extensions.dll
Registered in 0.002917 seconds.
Native extension for WindowsStandalone target not found
Refreshing native plugins compatible for Editor in 36.27 ms, found 2 plugins.
Preloading 0 native plugins for Editor in 0.00 ms.
Mono: successfully reloaded assembly
- Completed reload, in  2.044 seconds
Domain Reload Profiling:
	ReloadAssembly (2045ms)
		BeginReloadAssembly (73ms)
			ExecutionOrderSort (0ms)
			DisableScriptedObjects (0ms)
			BackupInstance (0ms)
			ReleaseScriptingObjects (0ms)
			CreateAndSetChildDomain (1ms)
		EndReloadAssembly (686ms)
			LoadAssemblies (68ms)
			RebuildTransferFunctionScriptingTraits (0ms)
			SetupTypeCache (324ms)
			ReleaseScriptCaches (0ms)
			RebuildScriptCaches (43ms)
			SetupLoadedEditorAssemblies (221ms)
				LogAssemblyErrors (0ms)
				InitializePlatformSupportModulesInManaged (5ms)
				SetLoadedEditorAssemblies (0ms)
				RefreshPlugins (36ms)
				BeforeProcessingInitializeOnLoad (22ms)
				ProcessInitializeOnLoadAttributes (112ms)
				ProcessInitializeOnLoadMethodAttributes (45ms)
				AfterProcessingInitializeOnLoad (0ms)
				EditorAssembliesLoaded (0ms)
			ExecutionOrderSort2 (0ms)
			AwakeInstancesAfterBackupRestoration (0ms)
Platform modules already initialized, skipping
Registering precompiled user dll's ...
Registered in 0.005179 seconds.
Begin MonoManager ReloadAssembly
Native extension for WindowsStandalone target not found
Refreshing native plugins compatible for Editor in 0.33 ms, found 2 plugins.
Preloading 0 native plugins for Editor in 0.00 ms.
Mono: successfully reloaded assembly
- Completed reload, in  1.540 seconds
Domain Reload Profiling:
	ReloadAssembly (1541ms)
		BeginReloadAssembly (201ms)
			ExecutionOrderSort (0ms)
			DisableScriptedObjects (9ms)
			BackupInstance (0ms)
			ReleaseScriptingObjects (0ms)
			CreateAndSetChildDomain (25ms)
		EndReloadAssembly (1245ms)
			LoadAssemblies (116ms)
			RebuildTransferFunctionScriptingTraits (0ms)
			SetupTypeCache (369ms)
			ReleaseScriptCaches (1ms)
			RebuildScriptCaches (59ms)
			SetupLoadedEditorAssemblies (579ms)
				LogAssemblyErrors (0ms)
				InitializePlatformSupportModulesInManaged (9ms)
				SetLoadedEditorAssemblies (0ms)
				RefreshPlugins (0ms)
				BeforeProcessingInitializeOnLoad (102ms)
				ProcessInitializeOnLoadAttributes (452ms)
				ProcessInitializeOnLoadMethodAttributes (5ms)
				AfterProcessingInitializeOnLoad (10ms)
				EditorAssembliesLoaded (0ms)
			ExecutionOrderSort2 (0ms)
			AwakeInstancesAfterBackupRestoration (8ms)
Platform modules already initialized, skipping
========================================================================
Worker process is ready to serve import requests
Launched and connected shader compiler UnityShaderCompiler.exe after 0.14 seconds
Refreshing native plugins compatible for Editor in 0.35 ms, found 2 plugins.
Preloading 0 native plugins for Editor in 0.00 ms.
Unloading 1442 Unused Serialized files (Serialized files now loaded: 0)
System memory in use before: 68.2 MB.
System memory in use after: 68.3 MB.

Unloading 18 unused Assets to reduce memory usage. Loaded Objects now: 1877.
Total: 3.006500 ms (FindLiveObjects: 0.169700 ms CreateObjectMapping: 0.045900 ms MarkObjects: 2.651200 ms  DeleteObjects: 0.138400 ms)

AssetImportParameters requested are different than current active one (requested -> active):
  custom:framework-win-MediaFoundation: 216162199b28c13a410421893ffa2e32 -> 
  custom:video-decoder-ogg-theora: a1e56fd34408186e4bbccfd4996cb3dc -> 
  custom:container-muxer-webm: aa71ff27fc2769a1b78a27578f13a17b -> 
  custom:container-demuxer-webm: 4f35f7cbe854078d1ac9338744f61a02 -> 
  custom:container-demuxer-ogg: 62fdf1f143b41e24485cea50d1cbac27 -> 
  custom:video-encoder-webm-vp8: eb34c28f22e8b96e1ab97ce403110664 -> 
  custom:video-codec-MediaFoundation-h265: 746d11721c4dcdbdad8f713fa42b33f4 -> 
  custom:video-decoder-webm-vp8: 9c59270c3fd7afecdb556c50c9e8de78 -> 
  custom:audio-decoder-ogg-vorbis: bf7c407c2cedff20999df2af8eb42d56 -> 
  custom:audio-encoder-webm-vorbis: bf7c407c2cedff20999df2af8eb42d56 -> 
========================================================================
Received Import Request.
  path: Assets/Prefabs/Destructible Box.prefab
  artifactKey: Guid(eb2544ab7ddc4c84da8dbbd9c2dbbe2c) Importer(815301076,1909f56bfc062723c751e8b465ee728b)
Start importing Assets/Prefabs/Destructible Box.prefab using Guid(eb2544ab7ddc4c84da8dbbd9c2dbbe2c) Importer(815301076,1909f56bfc062723c751e8b465ee728b)  -> (artifact id: '11c91993c8819b067a62b5336cf658f1') in 0.137657 seconds 
  Import took 0.141479 seconds .

========================================================================
Received Import Request.
  Time since last request: 4.448866 seconds.
  path: Assets/Prefabs/Destructible Box.prefab
  artifactKey: Guid(eb2544ab7ddc4c84da8dbbd9c2dbbe2c) Importer(815301076,1909f56bfc062723c751e8b465ee728b)
Start importing Assets/Prefabs/Destructible Box.prefab using Guid(eb2544ab7ddc4c84da8dbbd9c2dbbe2c) Importer(815301076,1909f56bfc062723c751e8b465ee728b)  -> (artifact id: 'd83f27c3fa381b8a1a62823bd6f90dce') in 0.025235 seconds 
  Import took 0.030354 seconds .

========================================================================
Received Prepare
Registering precompiled user dll's ...
Registered in 0.005163 seconds.
Begin MonoManager ReloadAssembly
Native extension for WindowsStandalone target not found
Refreshing native plugins compatible for Editor in 0.62 ms, found 2 plugins.
Preloading 0 native plugins for Editor in 0.00 ms.
Mono: successfully reloaded assembly
- Completed reload, in  1.605 seconds
Domain Reload Profiling:
	ReloadAssembly (1606ms)
		BeginReloadAssembly (139ms)
			ExecutionOrderSort (0ms)
			DisableScriptedObjects (5ms)
			BackupInstance (0ms)
			ReleaseScriptingObjects (0ms)
			CreateAndSetChildDomain (42ms)
		EndReloadAssembly (1382ms)
			LoadAssemblies (113ms)
			RebuildTransferFunctionScriptingTraits (0ms)
			SetupTypeCache (360ms)
			ReleaseScriptCaches (1ms)
			RebuildScriptCaches (74ms)
			SetupLoadedEditorAssemblies (618ms)
				LogAssemblyErrors (0ms)
				InitializePlatformSupportModulesInManaged (12ms)
				SetLoadedEditorAssemblies (1ms)
				RefreshPlugins (1ms)
				BeforeProcessingInitializeOnLoad (140ms)
				ProcessInitializeOnLoadAttributes (446ms)
				ProcessInitializeOnLoadMethodAttributes (7ms)
				AfterProcessingInitializeOnLoad (11ms)
				EditorAssembliesLoaded (0ms)
			ExecutionOrderSort2 (0ms)
			AwakeInstancesAfterBackupRestoration (11ms)
Platform modules already initialized, skipping
Refreshing native plugins compatible for Editor in 0.34 ms, found 2 plugins.
Preloading 0 native plugins for Editor in 0.00 ms.
Unloading 1423 Unused Serialized files (Serialized files now loaded: 0)
System memory in use before: 69.9 MB.
System memory in use after: 70.0 MB.

Unloading 13 unused Assets to reduce memory usage. Loaded Objects now: 1888.
Total: 3.236000 ms (FindLiveObjects: 0.151900 ms CreateObjectMapping: 0.048900 ms MarkObjects: 3.006100 ms  DeleteObjects: 0.027800 ms)

AssetImportParameters requested are different than current active one (requested -> active):
  custom:framework-win-MediaFoundation: 216162199b28c13a410421893ffa2e32 -> 
  custom:video-decoder-ogg-theora: a1e56fd34408186e4bbccfd4996cb3dc -> 
  custom:container-muxer-webm: aa71ff27fc2769a1b78a27578f13a17b -> 
  custom:container-demuxer-webm: 4f35f7cbe854078d1ac9338744f61a02 -> 
  custom:container-demuxer-ogg: 62fdf1f143b41e24485cea50d1cbac27 -> 
  custom:video-encoder-webm-vp8: eb34c28f22e8b96e1ab97ce403110664 -> 
  custom:video-codec-MediaFoundation-h265: 746d11721c4dcdbdad8f713fa42b33f4 -> 
  custom:video-decoder-webm-vp8: 9c59270c3fd7afecdb556c50c9e8de78 -> 
  custom:audio-decoder-ogg-vorbis: bf7c407c2cedff20999df2af8eb42d56 -> 
  custom:audio-encoder-webm-vorbis: bf7c407c2cedff20999df2af8eb42d56 -> 
========================================================================
Received Import Request.
  Time since last request: 28.542858 seconds.
  path: Assets/Prefabs/Boss Bullet.prefab
  artifactKey: Guid(c4214b6dbe5512743bb8a8e977165f51) Importer(815301076,1909f56bfc062723c751e8b465ee728b)
Start importing Assets/Prefabs/Boss Bullet.prefab using Guid(c4214b6dbe5512743bb8a8e977165f51) Importer(815301076,1909f56bfc062723c751e8b465ee728b)  -> (artifact id: '9072b49c085fcb21799f2ced220ee175') in 0.093812 seconds 
  Import took 0.098626 seconds .

========================================================================
Received Import Request.
  Time since last request: 7.591189 seconds.
  path: Assets/Prefabs/Boss Bullet.prefab
  artifactKey: Guid(c4214b6dbe5512743bb8a8e977165f51) Importer(815301076,1909f56bfc062723c751e8b465ee728b)
Start importing Assets/Prefabs/Boss Bullet.prefab using Guid(c4214b6dbe5512743bb8a8e977165f51) Importer(815301076,1909f56bfc062723c751e8b465ee728b)  -> (artifact id: '6bff7aae616afc987ecf50c9921e7c9e') in 0.031907 seconds 
  Import took 0.036632 seconds .

========================================================================
Received Import Request.
  Time since last request: 1.163605 seconds.
  path: Assets/Prefabs/Boss Bullet.prefab
  artifactKey: Guid(c4214b6dbe5512743bb8a8e977165f51) Importer(815301076,1909f56bfc062723c751e8b465ee728b)
Start importing Assets/Prefabs/Boss Bullet.prefab using Guid(c4214b6dbe5512743bb8a8e977165f51) Importer(815301076,1909f56bfc062723c751e8b465ee728b)  -> (artifact id: '8e89653adae16202c734ebd6838ad5c0') in 0.025854 seconds 
  Import took 0.031057 seconds .

========================================================================
Received Import Request.
  Time since last request: 6.889424 seconds.
  path: Assets/Prefabs/Tank Bullet.prefab
  artifactKey: Guid(4169be0605a603a41bead80913af0f69) Importer(815301076,1909f56bfc062723c751e8b465ee728b)
Start importing Assets/Prefabs/Tank Bullet.prefab using Guid(4169be0605a603a41bead80913af0f69) Importer(815301076,1909f56bfc062723c751e8b465ee728b)  -> (artifact id: '37fe243c3da6e77f263b69846e2a8df5') in 0.028533 seconds 
  Import took 0.033241 seconds .

========================================================================
Received Import Request.
  Time since last request: 1.562368 seconds.
  path: Assets/Prefabs/Tank Bullet.prefab
  artifactKey: Guid(4169be0605a603a41bead80913af0f69) Importer(815301076,1909f56bfc062723c751e8b465ee728b)
Start importing Assets/Prefabs/Tank Bullet.prefab using Guid(4169be0605a603a41bead80913af0f69) Importer(815301076,1909f56bfc062723c751e8b465ee728b)  -> (artifact id: 'a21443bc61569a887cf63ed4fcabc373') in 0.027144 seconds 
  Import took 0.034704 seconds .

========================================================================
Received Import Request.
  Time since last request: 0.162159 seconds.
  path: Assets/Prefabs/Tank Bullet.prefab
  artifactKey: Guid(4169be0605a603a41bead80913af0f69) Importer(815301076,1909f56bfc062723c751e8b465ee728b)
Start importing Assets/Prefabs/Tank Bullet.prefab using Guid(4169be0605a603a41bead80913af0f69) Importer(815301076,1909f56bfc062723c751e8b465ee728b)  -> (artifact id: '07ad9a87637672baf82924f16c1e4502') in 0.028169 seconds 
  Import took 0.032450 seconds .

========================================================================
Received Import Request.
  Time since last request: 0.793427 seconds.
  path: Assets/Prefabs/Tank Bullet.prefab
  artifactKey: Guid(4169be0605a603a41bead80913af0f69) Importer(815301076,1909f56bfc062723c751e8b465ee728b)
Start importing Assets/Prefabs/Tank Bullet.prefab using Guid(4169be0605a603a41bead80913af0f69) Importer(815301076,1909f56bfc062723c751e8b465ee728b)  -> (artifact id: '87115738286cefa4893678450782438d') in 0.021701 seconds 
  Import took 0.027516 seconds .

========================================================================
Received Prepare
Registering precompiled user dll's ...
Registered in 0.011488 seconds.
Begin MonoManager ReloadAssembly
Native extension for WindowsStandalone target not found
Refreshing native plugins compatible for Editor in 0.33 ms, found 2 plugins.
Preloading 0 native plugins for Editor in 0.00 ms.
Mono: successfully reloaded assembly
- Completed reload, in  1.336 seconds
Domain Reload Profiling:
	ReloadAssembly (1336ms)
		BeginReloadAssembly (139ms)
			ExecutionOrderSort (0ms)
			DisableScriptedObjects (5ms)
			BackupInstance (0ms)
			ReleaseScriptingObjects (0ms)
			CreateAndSetChildDomain (40ms)
		EndReloadAssembly (1116ms)
			LoadAssemblies (120ms)
			RebuildTransferFunctionScriptingTraits (0ms)
			SetupTypeCache (340ms)
			ReleaseScriptCaches (1ms)
			RebuildScriptCaches (46ms)
			SetupLoadedEditorAssemblies (500ms)
				LogAssemblyErrors (0ms)
				InitializePlatformSupportModulesInManaged (6ms)
				SetLoadedEditorAssemblies (0ms)
				RefreshPlugins (0ms)
				BeforeProcessingInitializeOnLoad (101ms)
				ProcessInitializeOnLoadAttributes (378ms)
				ProcessInitializeOnLoadMethodAttributes (4ms)
				AfterProcessingInitializeOnLoad (10ms)
				EditorAssembliesLoaded (1ms)
			ExecutionOrderSort2 (0ms)
			AwakeInstancesAfterBackupRestoration (8ms)
Platform modules already initialized, skipping
Refreshing native plugins compatible for Editor in 0.36 ms, found 2 plugins.
Preloading 0 native plugins for Editor in 0.00 ms.
Unloading 1423 Unused Serialized files (Serialized files now loaded: 0)
System memory in use before: 69.9 MB.
System memory in use after: 70.0 MB.

Unloading 13 unused Assets to reduce memory usage. Loaded Objects now: 1891.
Total: 2.960100 ms (FindLiveObjects: 0.153000 ms CreateObjectMapping: 0.054500 ms MarkObjects: 2.733000 ms  DeleteObjects: 0.018400 ms)

AssetImportParameters requested are different than current active one (requested -> active):
  custom:framework-win-MediaFoundation: 216162199b28c13a410421893ffa2e32 -> 
  custom:video-decoder-ogg-theora: a1e56fd34408186e4bbccfd4996cb3dc -> 
  custom:container-muxer-webm: aa71ff27fc2769a1b78a27578f13a17b -> 
  custom:container-demuxer-webm: 4f35f7cbe854078d1ac9338744f61a02 -> 
  custom:container-demuxer-ogg: 62fdf1f143b41e24485cea50d1cbac27 -> 
  custom:video-encoder-webm-vp8: eb34c28f22e8b96e1ab97ce403110664 -> 
  custom:video-codec-MediaFoundation-h265: 746d11721c4dcdbdad8f713fa42b33f4 -> 
  custom:video-decoder-webm-vp8: 9c59270c3fd7afecdb556c50c9e8de78 -> 
  custom:audio-decoder-ogg-vorbis: bf7c407c2cedff20999df2af8eb42d56 -> 
  custom:audio-encoder-webm-vorbis: bf7c407c2cedff20999df2af8eb42d56 -> 
========================================================================
Received Import Request.
  Time since last request: 20.639409 seconds.
  path: Assets/Prefabs/Boss Bullet.prefab
  artifactKey: Guid(c4214b6dbe5512743bb8a8e977165f51) Importer(815301076,1909f56bfc062723c751e8b465ee728b)
Start importing Assets/Prefabs/Boss Bullet.prefab using Guid(c4214b6dbe5512743bb8a8e977165f51) Importer(815301076,1909f56bfc062723c751e8b465ee728b)  -> (artifact id: '290a68987b5cef0b10d60a0806c825bf') in 0.078854 seconds 
  Import took 0.085403 seconds .

========================================================================
Received Import Request.
  Time since last request: 0.574812 seconds.
  path: Assets/Prefabs/Boss Bullet.prefab
  artifactKey: Guid(c4214b6dbe5512743bb8a8e977165f51) Importer(815301076,1909f56bfc062723c751e8b465ee728b)
Start importing Assets/Prefabs/Boss Bullet.prefab using Guid(c4214b6dbe5512743bb8a8e977165f51) Importer(815301076,1909f56bfc062723c751e8b465ee728b)  -> (artifact id: '49877ff9a2f69a45a2bf226893cf4971') in 0.028373 seconds 
  Import took 0.032629 seconds .

========================================================================
Received Import Request.
  Time since last request: 0.766543 seconds.
  path: Assets/Prefabs/Boss Bullet.prefab
  artifactKey: Guid(c4214b6dbe5512743bb8a8e977165f51) Importer(815301076,1909f56bfc062723c751e8b465ee728b)
Start importing Assets/Prefabs/Boss Bullet.prefab using Guid(c4214b6dbe5512743bb8a8e977165f51) Importer(815301076,1909f56bfc062723c751e8b465ee728b)  -> (artifact id: '0f6abba7665b05fb9071668d2a825756') in 0.018024 seconds 
  Import took 0.022617 seconds .

========================================================================
Received Import Request.
  Time since last request: 3.867567 seconds.
  path: Assets/Prefabs/Tank Bullet.prefab
  artifactKey: Guid(4169be0605a603a41bead80913af0f69) Importer(815301076,1909f56bfc062723c751e8b465ee728b)
Start importing Assets/Prefabs/Tank Bullet.prefab using Guid(4169be0605a603a41bead80913af0f69) Importer(815301076,1909f56bfc062723c751e8b465ee728b)  -> (artifact id: 'bfb75c84998ac416b0f69430a1730ae4') in 0.019357 seconds 
  Import took 0.027785 seconds .

========================================================================
Received Import Request.
  Time since last request: 2.998789 seconds.
  path: Assets/Prefabs/Tank Bullet.prefab
  artifactKey: Guid(4169be0605a603a41bead80913af0f69) Importer(815301076,1909f56bfc062723c751e8b465ee728b)
Start importing Assets/Prefabs/Tank Bullet.prefab using Guid(4169be0605a603a41bead80913af0f69) Importer(815301076,1909f56bfc062723c751e8b465ee728b)  -> (artifact id: 'c9569b098671fe0908deeaac8b30af1d') in 0.029058 seconds 
  Import took 0.033229 seconds .

========================================================================
Received Import Request.
  Time since last request: 0.568057 seconds.
  path: Assets/Prefabs/Tank Bullet.prefab
  artifactKey: Guid(4169be0605a603a41bead80913af0f69) Importer(815301076,1909f56bfc062723c751e8b465ee728b)
Start importing Assets/Prefabs/Tank Bullet.prefab using Guid(4169be0605a603a41bead80913af0f69) Importer(815301076,1909f56bfc062723c751e8b465ee728b)  -> (artifact id: '1998b7fccdcd1de3623d917e39dd443b') in 0.027063 seconds 
  Import took 0.032049 seconds .

========================================================================
Received Import Request.
  Time since last request: 0.391839 seconds.
  path: Assets/Prefabs/Tank Bullet.prefab
  artifactKey: Guid(4169be0605a603a41bead80913af0f69) Importer(815301076,1909f56bfc062723c751e8b465ee728b)
Start importing Assets/Prefabs/Tank Bullet.prefab using Guid(4169be0605a603a41bead80913af0f69) Importer(815301076,1909f56bfc062723c751e8b465ee728b)  -> (artifact id: '025ddbba4ef437058f7dcd1ab771badb') in 0.023814 seconds 
  Import took 0.028990 seconds .

